{"tag": "function", "depth": 1, "time": 1719214301.3937898, "data": {"name": "connect_device", "call_args": {"uri": "android://127.0.0.1:5037/emulator-5554?cap_method=JAVACAP&ori_method=ADBORI&touch_method=ADBTOUCH&"}, "start_time": 1719214301.0287945, "ret": "<Android 'emulator-5554'>", "end_time": 1719214301.3937898}}
{"tag": "function", "depth": 1, "time": 1719214305.2141814, "data": {"name": "record_ui", "call_args": {"driver": "<poco.drivers.android.uiautomation.AndroidUiautomationPoco object at 0x000001CD82B04630>", "action": "'click'", "ui": "UIObjectProxy of \"tw.com.icash.a.icashpay.debuging:id/action\"", "args": "[0.5, 0.2328125]"}, "start_time": 1719214305.2141814, "ret": "UIObjectProxy of \"tw.com.icash.a.icashpay.debuging:id/action\"", "end_time": 1719214305.2141814}}
{"tag": "function", "depth": 2, "time": 1719214311.509117, "data": {"name": "try_log_screen", "call_args": {"screen": null, "quality": null, "max_size": null}, "start_time": 1719214307.0707703, "ret": {"screen": "1719214310899.jpg", "resolution": [1440, 2560]}, "end_time": 1719214311.509117}}
{"tag": "function", "depth": 1, "time": 1719214313.1299937, "data": {"name": "touch", "call_args": {"v": [720.0, 596.0], "kwargs": {"duration": 0.01}, "times": 1}, "start_time": 1719214307.0707703, "ret": [720.0, 596.0], "end_time": 1719214313.1299937}}
{"tag": "function", "depth": 1, "time": 1719214315.7512975, "data": {"name": "sleep", "call_args": {"secs": 1.0}, "start_time": 1719214314.7507071, "ret": null, "end_time": 1719214315.7512333}}
{"tag": "function", "depth": 1, "time": 1719214315.9200616, "data": {"name": "record_ui", "call_args": {"driver": "<poco.drivers.android.uiautomation.AndroidUiautomationPoco object at 0x000001CD82B04630>", "action": "'click'", "ui": "UIObjectProxy of \"tw.com.icash.a.icashpay.debuging:id/et_acct\"", "args": "[0.5, 0.201953125]"}, "start_time": 1719214315.918987, "ret": "UIObjectProxy of \"tw.com.icash.a.icashpay.debuging:id/et_acct\"", "end_time": 1719214315.9200616}}
{"tag": "function", "depth": 2, "time": 1719214316.3470335, "data": {"name": "try_log_screen", "call_args": {"screen": null, "quality": null, "max_size": null}, "start_time": 1719214315.9200616, "ret": {"screen": "1719214316271.jpg", "resolution": [1440, 2560]}, "end_time": 1719214316.3470335}}
{"tag": "function", "depth": 1, "time": 1719214317.3687997, "data": {"name": "touch", "call_args": {"v": [720.0, 517.0], "kwargs": {"duration": 0.01}, "times": 1}, "start_time": 1719214315.9200616, "ret": [720.0, 517.0], "end_time": 1719214317.3687997}}
{"tag": "function", "depth": 1, "time": 1719214320.1188354, "data": {"name": "sleep", "call_args": {"secs": 1.0}, "start_time": 1719214319.1186883, "ret": null, "end_time": 1719214320.1188354}}
{"tag": "function", "depth": 1, "time": 1719214320.2751954, "data": {"name": "record_ui", "call_args": {"driver": "<poco.drivers.android.uiautomation.AndroidUiautomationPoco object at 0x000001CD82B04630>", "action": "'click'", "ui": "UIObjectProxy of \"tw.com.icash.a.icashpay.debuging:id/et_pwd\"", "args": "[0.5, 0.296875]"}, "start_time": 1719214320.274033, "ret": "UIObjectProxy of \"tw.com.icash.a.icashpay.debuging:id/et_pwd\"", "end_time": 1719214320.2751954}}
{"tag": "function", "depth": 2, "time": 1719214320.681208, "data": {"name": "try_log_screen", "call_args": {"screen": null, "quality": null, "max_size": null}, "start_time": 1719214320.2756953, "ret": {"screen": "1719214320555.jpg", "resolution": [1440, 2560]}, "end_time": 1719214320.680706}}
{"tag": "function", "depth": 1, "time": 1719214321.7888672, "data": {"name": "touch", "call_args": {"v": [720.0, 760.0], "kwargs": {"duration": 0.01}, "times": 1}, "start_time": 1719214320.2756953, "ret": [720.0, 760.0], "end_time": 1719214321.7888672}}
{"tag": "function", "depth": 1, "time": 1719214323.66314, "data": {"name": "record_ui", "call_args": {"driver": "<poco.drivers.android.uiautomation.AndroidUiautomationPoco object at 0x000001CD82B04630>", "action": "'click'", "ui": "UIObjectProxy of \"tw.com.icash.a.icashpay.debuging:id/bt_login\"", "args": "[0.5, 0.405078125]"}, "start_time": 1719214323.6623902, "ret": "UIObjectProxy of \"tw.com.icash.a.icashpay.debuging:id/bt_login\"", "end_time": 1719214323.66314}}
{"tag": "function", "depth": 2, "time": 1719214323.9816477, "data": {"name": "try_log_screen", "call_args": {"screen": null, "quality": null, "max_size": null}, "start_time": 1719214323.6634722, "ret": {"screen": "1719214323921.jpg", "resolution": [1440, 2560]}, "end_time": 1719214323.9816477}}
{"tag": "function", "depth": 1, "time": 1719214324.9300666, "data": {"name": "touch", "call_args": {"v": [720.0, 1037.0], "kwargs": {"duration": 0.01}, "times": 1}, "start_time": 1719214323.6634722, "ret": [720.0, 1037.0], "end_time": 1719214324.9300666}}
{"tag": "function", "depth": 1, "time": 1719214328.580081, "data": {"name": "sleep", "call_args": {"secs": 2.0}, "start_time": 1719214326.5792868, "ret": null, "end_time": 1719214328.580081}}
{"tag": "function", "depth": 1, "time": 1719214329.6920786, "data": {"name": "record_ui", "call_args": {"driver": "<poco.drivers.android.uiautomation.AndroidUiautomationPoco object at 0x000001CD82B04630>", "action": "'click'", "ui": "UIObjectProxy of \"text=\u5132\u503c\"", "args": "[0.7659722222222223, 0.5328125]"}, "start_time": 1719214329.6920786, "ret": "UIObjectProxy of \"text=\u5132\u503c\"", "end_time": 1719214329.6920786}}
{"tag": "function", "depth": 2, "time": 1719214329.7933395, "data": {"name": "try_log_screen", "call_args": {"screen": null, "quality": null, "max_size": null}, "start_time": 1719214329.693131, "traceback": "Traceback (most recent call last):\n  File \"airtest\\utils\\logwraper.py\", line 131, in wrapper\n  File \"airtest\\core\\cv.py\", line 106, in try_log_screen\n  File \"airtest\\core\\android\\android.py\", line 488, in snapshot\n  File \"airtest\\core\\android\\cap_methods\\base_cap.py\", line 42, in snapshot\n  File \"airtest\\core\\android\\cap_methods\\javacap.py\", line 115, in get_frame_from_stream\n  File \"airtest\\utils\\threadsafe.py\", line 27, in send\n  File \"airtest\\core\\android\\cap_methods\\javacap.py\", line 92, in get_frames\n  File \"airtest\\utils\\safesocket.py\", line 45, in recv\nOSError: socket connection broken\n", "end_time": 1719214329.7933395}}
{"tag": "function", "depth": 1, "time": 1719214329.795017, "data": {"name": "touch", "call_args": {"v": [1103.0, 1364.0], "kwargs": {"duration": 0.01}, "times": 1}, "start_time": 1719214329.6926281, "traceback": "Traceback (most recent call last):\n  File \"airtest\\utils\\logwraper.py\", line 131, in wrapper\n  File \"airtest\\core\\api.py\", line 368, in touch\n  File \"airtest\\utils\\logwraper.py\", line 131, in wrapper\n  File \"airtest\\core\\cv.py\", line 106, in try_log_screen\n  File \"airtest\\core\\android\\android.py\", line 488, in snapshot\n  File \"airtest\\core\\android\\cap_methods\\base_cap.py\", line 42, in snapshot\n  File \"airtest\\core\\android\\cap_methods\\javacap.py\", line 115, in get_frame_from_stream\n  File \"airtest\\utils\\threadsafe.py\", line 27, in send\n  File \"airtest\\core\\android\\cap_methods\\javacap.py\", line 92, in get_frames\n  File \"airtest\\utils\\safesocket.py\", line 45, in recv\nOSError: socket connection broken\n", "end_time": 1719214329.795017}}
{"tag": "function", "depth": 2, "time": 1719214329.8337812, "data": {"name": "try_log_screen", "call_args": {"screen": null, "quality": null, "max_size": null}, "start_time": 1719214329.7955658, "traceback": "Traceback (most recent call last):\n  File \"airtest\\cli\\runner.py\", line 72, in runTest\n  File \"C:\\airtestscipts\\scripts\\icplogin.air\\icplogin.py\", line 21, in <module>\n    poco(text=\"\u5132\u503c\").click()\n  File \"C:\\AirtestIDE-win-1.2.17\\AirtestIDE\\poco\\proxy.py\", line 23, in wrapped\n    return func(proxy, *args, **kwargs)\n  File \"C:\\AirtestIDE-win-1.2.17\\AirtestIDE\\poco\\proxy.py\", line 334, in click\n    ret = self.poco.click(pos_in_percentage)\n  File \"C:\\AirtestIDE-win-1.2.17\\AirtestIDE\\poco\\pocofw.py\", line 252, in click\n    ret = self.agent.input.click(pos[0], pos[1])\n  File \"C:\\AirtestIDE-win-1.2.17\\AirtestIDE\\poco\\utils\\airtest\\input.py\", line 81, in click\n    touch(pos, duration=self.default_touch_down_duration)\n  File \"airtest\\utils\\logwraper.py\", line 131, in wrapper\n  File \"airtest\\core\\api.py\", line 368, in touch\n  File \"airtest\\utils\\logwraper.py\", line 131, in wrapper\n  File \"airtest\\core\\cv.py\", line 106, in try_log_screen\n  File \"airtest\\core\\android\\android.py\", line 488, in snapshot\n  File \"airtest\\core\\android\\cap_methods\\base_cap.py\", line 42, in snapshot\n  File \"airtest\\core\\android\\cap_methods\\javacap.py\", line 115, in get_frame_from_stream\n  File \"airtest\\utils\\threadsafe.py\", line 27, in send\n  File \"airtest\\core\\android\\cap_methods\\javacap.py\", line 92, in get_frames\n  File \"airtest\\utils\\safesocket.py\", line 45, in recv\nOSError: socket connection broken\n\nDuring handling of the above exception, another exception occurred:\n\nTraceback (most recent call last):\n  File \"airtest\\utils\\logwraper.py\", line 131, in wrapper\n  File \"airtest\\core\\cv.py\", line 106, in try_log_screen\n  File \"airtest\\core\\android\\android.py\", line 488, in snapshot\n  File \"airtest\\core\\android\\cap_methods\\base_cap.py\", line 42, in snapshot\n  File \"airtest\\core\\android\\cap_methods\\javacap.py\", line 115, in get_frame_from_stream\n  File \"airtest\\utils\\threadsafe.py\", line 27, in send\nStopIteration\n", "end_time": 1719214329.8337812}}
