{"tag": "function", "depth": 1, "time": 1739339963.4000478, "data": {"name": "connect_device", "call_args": {"uri": "Android:///"}, "start_time": 1739339960.4372716, "ret": "<Android 'R5CT925Z7CA'>", "end_time": 1739339963.4000478}}
{"tag": "function", "depth": 1, "time": 1739339970.9852195, "data": {"name": "record_ui", "call_args": {"driver": "<poco.drivers.android.uiautomation.AndroidUiautomationPoco object at 0x00000245232A5550>", "action": "'click'", "ui": "UIObjectProxy of \"text=\u5132\u503c\"", "args": "[0.687962962962963, 0.26375]"}, "start_time": 1739339970.9852195, "ret": "UIObjectProxy of \"text=\u5132\u503c\"", "end_time": 1739339970.9852195}}
{"tag": "function", "depth": 2, "time": 1739339976.062161, "data": {"name": "try_log_screen", "call_args": {"screen": null, "quality": null, "max_size": null}, "start_time": 1739339973.0680985, "ret": {"screen": "1739339975914.jpg", "resolution": [1080, 2400]}, "end_time": 1739339976.062161}}
{"tag": "function", "depth": 1, "time": 1739339976.904501, "data": {"name": "touch", "call_args": {"v": [743.0, 633.0], "kwargs": {"duration": 0.01}, "times": 1}, "start_time": 1739339973.0670984, "ret": [743.0, 633.0], "end_time": 1739339976.9044359}}
{"tag": "function", "depth": 1, "time": 1739339980.5538905, "data": {"name": "sleep", "call_args": {"secs": 2.0}, "start_time": 1739339978.5402088, "ret": null, "end_time": 1739339980.5538905}}
{"tag": "function", "depth": 1, "time": 1739339980.7516577, "data": {"name": "record_ui", "call_args": {"driver": "<poco.drivers.android.uiautomation.AndroidUiautomationPoco object at 0x00000245232A5550>", "action": "'click'", "ui": "UIObjectProxy of \"text=\u73fe\u91d1\u5132\u503c\"", "args": "[0.27870370370370373, 0.6558333333333334]"}, "start_time": 1739339980.7516577, "ret": "UIObjectProxy of \"text=\u73fe\u91d1\u5132\u503c\"", "end_time": 1739339980.7516577}}
{"tag": "function", "depth": 2, "time": 1739339981.262743, "data": {"name": "try_log_screen", "call_args": {"screen": null, "quality": null, "max_size": null}, "start_time": 1739339980.7526543, "ret": {"screen": "1739339981243.jpg", "resolution": [1080, 2400]}, "end_time": 1739339981.262743}}
{"tag": "function", "depth": 1, "time": 1739339981.4839225, "data": {"name": "touch", "call_args": {"v": [301.00000000000006, 1574.0], "kwargs": {"duration": 0.01}, "times": 1}, "start_time": 1739339980.7526543, "ret": [301.00000000000006, 1574.0], "end_time": 1739339981.4839225}}
{"tag": "function", "depth": 1, "time": 1739339983.3279839, "data": {"name": "record_ui", "call_args": {"driver": "<poco.drivers.android.uiautomation.AndroidUiautomationPoco object at 0x00000245232A5550>", "action": "'click'", "ui": "UIObjectProxy of \"tw.com.icash.a.icashpay.debuging:id/add_100\"", "args": "[0.26666666666666666, 0.39416666666666667]"}, "start_time": 1739339983.3279839, "ret": "UIObjectProxy of \"tw.com.icash.a.icashpay.debuging:id/add_100\"", "end_time": 1739339983.3279839}}
{"tag": "function", "depth": 2, "time": 1739339983.8157074, "data": {"name": "try_log_screen", "call_args": {"screen": null, "quality": null, "max_size": null}, "start_time": 1739339983.3294377, "ret": {"screen": "1739339983795.jpg", "resolution": [1080, 2400]}, "end_time": 1739339983.8157074}}
{"tag": "function", "depth": 1, "time": 1739339984.0407946, "data": {"name": "touch", "call_args": {"v": [288.0, 946.0], "kwargs": {"duration": 0.01}, "times": 1}, "start_time": 1739339983.3294377, "ret": [288.0, 946.0], "end_time": 1739339984.0407946}}
{"tag": "function", "depth": 1, "time": 1739339985.8578076, "data": {"name": "record_ui", "call_args": {"driver": "<poco.drivers.android.uiautomation.AndroidUiautomationPoco object at 0x00000245232A5550>", "action": "'click'", "ui": "UIObjectProxy of \"tw.com.icash.a.icashpay.debuging:id/text\"", "args": "[0.5, 0.5633333333333334]"}, "start_time": 1739339985.8578076, "ret": "UIObjectProxy of \"tw.com.icash.a.icashpay.debuging:id/text\"", "end_time": 1739339985.8578076}}
{"tag": "function", "depth": 2, "time": 1739339986.3506944, "data": {"name": "try_log_screen", "call_args": {"screen": null, "quality": null, "max_size": null}, "start_time": 1739339985.8578076, "ret": {"screen": "1739339986330.jpg", "resolution": [1080, 2400]}, "end_time": 1739339986.3506944}}
{"tag": "function", "depth": 1, "time": 1739339986.5734138, "data": {"name": "touch", "call_args": {"v": [540.0, 1352.0], "kwargs": {"duration": 0.01}, "times": 1}, "start_time": 1739339985.8578076, "ret": [540.0, 1352.0], "end_time": 1739339986.5734138}}
{"tag": "function", "depth": 1, "time": 1739339988.764434, "data": {"name": "record_ui", "call_args": {"driver": "<poco.drivers.android.uiautomation.AndroidUiautomationPoco object at 0x00000245232A5550>", "action": "'click'", "ui": "UIObjectProxy of \"tw.com.icash.a.icashpay.debuging:id/title_left\"", "args": "[0.0824074074074074, 0.06125]"}, "start_time": 1739339988.764434, "ret": "UIObjectProxy of \"tw.com.icash.a.icashpay.debuging:id/title_left\"", "end_time": 1739339988.764434}}
{"tag": "function", "depth": 2, "time": 1739339989.2460637, "data": {"name": "try_log_screen", "call_args": {"screen": null, "quality": null, "max_size": null}, "start_time": 1739339988.764434, "ret": {"screen": "1739339989224.jpg", "resolution": [1080, 2400]}, "end_time": 1739339989.2460637}}
{"tag": "function", "depth": 1, "time": 1739339989.4719524, "data": {"name": "touch", "call_args": {"v": [89.0, 147.0], "kwargs": {"duration": 0.01}, "times": 1}, "start_time": 1739339988.764434, "ret": [89.0, 147.0], "end_time": 1739339989.4719524}}
{"tag": "function", "depth": 1, "time": 1739339991.2892275, "data": {"name": "record_ui", "call_args": {"driver": "<poco.drivers.android.uiautomation.AndroidUiautomationPoco object at 0x00000245232A5550>", "action": "'click'", "ui": "UIObjectProxy of \"tw.com.icash.a.icashpay.debuging:id/title_right\"", "args": "[0.9166666666666666, 0.06166666666666667]"}, "start_time": 1739339991.2892275, "ret": "UIObjectProxy of \"tw.com.icash.a.icashpay.debuging:id/title_right\"", "end_time": 1739339991.2892275}}
{"tag": "function", "depth": 2, "time": 1739339991.7436845, "data": {"name": "try_log_screen", "call_args": {"screen": null, "quality": null, "max_size": null}, "start_time": 1739339991.289728, "ret": {"screen": "1739339991720.jpg", "resolution": [1080, 2400]}, "end_time": 1739339991.7436845}}
{"tag": "function", "depth": 1, "time": 1739339991.9683373, "data": {"name": "touch", "call_args": {"v": [990.0, 148.0], "kwargs": {"duration": 0.01}, "times": 1}, "start_time": 1739339991.289728, "ret": [990.0, 148.0], "end_time": 1739339991.9683373}}
{"tag": "function", "depth": 1, "time": 1739339993.8401885, "data": {"name": "record_ui", "call_args": {"driver": "<poco.drivers.android.uiautomation.AndroidUiautomationPoco object at 0x00000245232A5550>", "action": "'click'", "ui": "UIObjectProxy of \"text=\u81ea\u5e36\u676f\u5132\u503c\"", "args": "[0.29907407407407405, 0.7445833333333334]"}, "start_time": 1739339993.8391767, "ret": "UIObjectProxy of \"text=\u81ea\u5e36\u676f\u5132\u503c\"", "end_time": 1739339993.8401885}}
{"tag": "function", "depth": 2, "time": 1739339994.3398197, "data": {"name": "try_log_screen", "call_args": {"screen": null, "quality": null, "max_size": null}, "start_time": 1739339993.8401885, "ret": {"screen": "1739339994317.jpg", "resolution": [1080, 2400]}, "end_time": 1739339994.3398197}}
{"tag": "function", "depth": 1, "time": 1739339994.5618136, "data": {"name": "touch", "call_args": {"v": [323.0, 1787.0], "kwargs": {"duration": 0.01}, "times": 1}, "start_time": 1739339993.8401885, "ret": [323.0, 1787.0], "end_time": 1739339994.5615478}}
{"tag": "function", "depth": 1, "time": 1739339997.213691, "data": {"name": "sleep", "call_args": {"secs": 1.0}, "start_time": 1739339996.2045295, "ret": null, "end_time": 1739339997.213691}}
{"tag": "function", "depth": 1, "time": 1739339997.4210854, "data": {"name": "record_ui", "call_args": {"driver": "<poco.drivers.android.uiautomation.AndroidUiautomationPoco object at 0x00000245232A5550>", "action": "'click'", "ui": "UIObjectProxy of \"tw.com.icash.a.icashpay.debuging:id/close\"", "args": "[0.9407407407407408, 0.056666666666666664]"}, "start_time": 1739339997.4210854, "ret": "UIObjectProxy of \"tw.com.icash.a.icashpay.debuging:id/close\"", "end_time": 1739339997.4210854}}
{"tag": "function", "depth": 2, "time": 1739339997.9048426, "data": {"name": "try_log_screen", "call_args": {"screen": null, "quality": null, "max_size": null}, "start_time": 1739339997.4210854, "ret": {"screen": "1739339997884.jpg", "resolution": [1080, 2400]}, "end_time": 1739339997.9048426}}
{"tag": "function", "depth": 1, "time": 1739339998.1283169, "data": {"name": "touch", "call_args": {"v": [1016.0, 136.0], "kwargs": {"duration": 0.01}, "times": 1}, "start_time": 1739339997.4210854, "ret": [1016.0, 136.0], "end_time": 1739339998.1282463}}
{"tag": "function", "depth": 1, "time": 1739339999.9380424, "data": {"name": "record_ui", "call_args": {"driver": "<poco.drivers.android.uiautomation.AndroidUiautomationPoco object at 0x00000245232A5550>", "action": "'click'", "ui": "UIObjectProxy of \"text=\u4e2d\u734e\u767c\u7968\u5132\u503c\"", "args": "[0.32037037037037036, 0.8333333333333334]"}, "start_time": 1739339999.9380424, "ret": "UIObjectProxy of \"text=\u4e2d\u734e\u767c\u7968\u5132\u503c\"", "end_time": 1739339999.9380424}}
{"tag": "function", "depth": 2, "time": 1739340000.4330788, "data": {"name": "try_log_screen", "call_args": {"screen": null, "quality": null, "max_size": null}, "start_time": 1739339999.9380424, "ret": {"screen": "1739340000413.jpg", "resolution": [1080, 2400]}, "end_time": 1739340000.4330788}}
{"tag": "function", "depth": 1, "time": 1739340000.648129, "data": {"name": "touch", "call_args": {"v": [346.0, 2000.0], "kwargs": {"duration": 0.01}, "times": 1}, "start_time": 1739339999.9380424, "ret": [346.0, 2000.0], "end_time": 1739340000.6479053}}
{"tag": "function", "depth": 1, "time": 1739340003.3033454, "data": {"name": "sleep", "call_args": {"secs": 1.0}, "start_time": 1739340002.3022692, "ret": null, "end_time": 1739340003.3033454}}
{"tag": "function", "depth": 1, "time": 1739340003.4709733, "data": {"name": "record_ui", "call_args": {"driver": "<poco.drivers.android.uiautomation.AndroidUiautomationPoco object at 0x00000245232A5550>", "action": "'click'", "ui": "UIObjectProxy of \"tw.com.icash.a.icashpay.debuging:id/close\"", "args": "[0.9407407407407408, 0.056666666666666664]"}, "start_time": 1739340003.4709733, "ret": "UIObjectProxy of \"tw.com.icash.a.icashpay.debuging:id/close\"", "end_time": 1739340003.4709733}}
{"tag": "function", "depth": 2, "time": 1739340003.9695177, "data": {"name": "try_log_screen", "call_args": {"screen": null, "quality": null, "max_size": null}, "start_time": 1739340003.4709733, "ret": {"screen": "1739340003949.jpg", "resolution": [1080, 2400]}, "end_time": 1739340003.9695177}}
{"tag": "function", "depth": 1, "time": 1739340004.1877763, "data": {"name": "touch", "call_args": {"v": [1016.0, 136.0], "kwargs": {"duration": 0.01}, "times": 1}, "start_time": 1739340003.4709733, "ret": [1016.0, 136.0], "end_time": 1739340004.1877763}}
{"tag": "function", "depth": 1, "time": 1739340006.0504029, "data": {"name": "record_ui", "call_args": {"driver": "<poco.drivers.android.uiautomation.AndroidUiautomationPoco object at 0x00000245232A5550>", "action": "'click'", "ui": "UIObjectProxy of \"tw.com.icash.a.icashpay.debuging:id/title_right\"", "args": "[0.9166666666666666, 0.06166666666666667]"}, "start_time": 1739340006.0494037, "ret": "UIObjectProxy of \"tw.com.icash.a.icashpay.debuging:id/title_right\"", "end_time": 1739340006.0504029}}
{"tag": "function", "depth": 2, "time": 1739340006.555111, "data": {"name": "try_log_screen", "call_args": {"screen": null, "quality": null, "max_size": null}, "start_time": 1739340006.0504029, "ret": {"screen": "1739340006528.jpg", "resolution": [1080, 2400]}, "end_time": 1739340006.555111}}
{"tag": "function", "depth": 1, "time": 1739340006.7781556, "data": {"name": "touch", "call_args": {"v": [990.0, 148.0], "kwargs": {"duration": 0.01}, "times": 1}, "start_time": 1739340006.0504029, "ret": [990.0, 148.0], "end_time": 1739340006.7781272}}
{"tag": "function", "depth": 1, "time": 1739340009.2585256, "data": {"name": "record_ui", "call_args": {"driver": "<poco.drivers.android.uiautomation.AndroidUiautomationPoco object at 0x00000245232A5550>", "action": "'click'", "ui": "UIObjectProxy of \"tw.com.icash.a.icashpay.debuging:id/fund\"", "args": "[0.2740740740740741, 0.7416666666666667]"}, "start_time": 1739340009.2585256, "ret": "UIObjectProxy of \"tw.com.icash.a.icashpay.debuging:id/fund\"", "end_time": 1739340009.2585256}}
{"tag": "function", "depth": 2, "time": 1739340009.913124, "data": {"name": "try_log_screen", "call_args": {"screen": null, "quality": null, "max_size": null}, "start_time": 1739340009.25954, "ret": {"screen": "1739340009890.jpg", "resolution": [1080, 2400]}, "end_time": 1739340009.913124}}
{"tag": "function", "depth": 1, "time": 1739340010.1411505, "data": {"name": "touch", "call_args": {"v": [296.0, 1780.0], "kwargs": {"duration": 0.01}, "times": 1}, "start_time": 1739340009.25954, "ret": [296.0, 1780.0], "end_time": 1739340010.1410332}}
{"tag": "function", "depth": 1, "time": 1739340012.625456, "data": {"name": "record_ui", "call_args": {"driver": "<poco.drivers.android.uiautomation.AndroidUiautomationPoco object at 0x00000245232A5550>", "action": "'click'", "ui": "UIObjectProxy of \"tw.com.icash.a.icashpay.debuging:id/loan\"", "args": "[0.43703703703703706, 0.7416666666666667]"}, "start_time": 1739340012.625456, "ret": "UIObjectProxy of \"tw.com.icash.a.icashpay.debuging:id/loan\"", "end_time": 1739340012.625456}}
{"tag": "function", "depth": 2, "time": 1739340013.2283053, "data": {"name": "try_log_screen", "call_args": {"screen": null, "quality": null, "max_size": null}, "start_time": 1739340012.625456, "ret": {"screen": "1739340013209.jpg", "resolution": [1080, 2400]}, "end_time": 1739340013.2283053}}
{"tag": "function", "depth": 1, "time": 1739340013.4519887, "data": {"name": "touch", "call_args": {"v": [472.0, 1780.0], "kwargs": {"duration": 0.01}, "times": 1}, "start_time": 1739340012.625456, "ret": [472.0, 1780.0], "end_time": 1739340013.4519887}}
{"tag": "function", "depth": 1, "time": 1739340016.0807035, "data": {"name": "record_ui", "call_args": {"driver": "<poco.drivers.android.uiautomation.AndroidUiautomationPoco object at 0x00000245232A5550>", "action": "'click'", "ui": "UIObjectProxy of \"tw.com.icash.a.icashpay.debuging:id/personal\"", "args": "[0.899074074074074, 0.8991666666666667]"}, "start_time": 1739340016.0807035, "ret": "UIObjectProxy of \"tw.com.icash.a.icashpay.debuging:id/personal\"", "end_time": 1739340016.0807035}}
{"tag": "function", "depth": 2, "time": 1739340016.709736, "data": {"name": "try_log_screen", "call_args": {"screen": null, "quality": null, "max_size": null}, "start_time": 1739340016.0807035, "ret": {"screen": "1739340016688.jpg", "resolution": [1080, 2400]}, "end_time": 1739340016.7087235}}
{"tag": "function", "depth": 1, "time": 1739340016.9253578, "data": {"name": "touch", "call_args": {"v": [971.0, 2158.0], "kwargs": {"duration": 0.01}, "times": 1}, "start_time": 1739340016.0807035, "ret": [971.0, 2158.0], "end_time": 1739340016.9253578}}
{"tag": "function", "depth": 1, "time": 1739340018.732691, "data": {"name": "record_ui", "call_args": {"driver": "<poco.drivers.android.uiautomation.AndroidUiautomationPoco object at 0x00000245232A5550>", "action": "'click'", "ui": "UIObjectProxy of \"text=\u4ea4\u6613\u9650\u984d\"", "args": "[0.2212962962962963, 0.44]"}, "start_time": 1739340018.732691, "ret": "UIObjectProxy of \"text=\u4ea4\u6613\u9650\u984d\"", "end_time": 1739340018.732691}}
{"tag": "function", "depth": 2, "time": 1739340019.2167954, "data": {"name": "try_log_screen", "call_args": {"screen": null, "quality": null, "max_size": null}, "start_time": 1739340018.732691, "ret": {"screen": "1739340019195.jpg", "resolution": [1080, 2400]}, "end_time": 1739340019.2167954}}
{"tag": "function", "depth": 1, "time": 1739340019.443153, "data": {"name": "touch", "call_args": {"v": [239.0, 1056.0], "kwargs": {"duration": 0.01}, "times": 1}, "start_time": 1739340018.732691, "ret": [239.0, 1056.0], "end_time": 1739340019.4429011}}
{"tag": "function", "depth": 1, "time": 1739340022.0956979, "data": {"name": "sleep", "call_args": {"secs": 1.0}, "start_time": 1739340021.0836768, "ret": null, "end_time": 1739340022.0956979}}
{"tag": "function", "depth": 1, "time": 1739340022.3258922, "data": {"name": "record_ui", "call_args": {"driver": "<poco.drivers.android.uiautomation.AndroidUiautomationPoco object at 0x00000245232A5550>", "action": "'click'", "ui": "UIObjectProxy of \"tw.com.icash.a.icashpay.debuging:id/toolbarLeftArrow\"", "args": "[0.09259259259259259, 0.06666666666666667]"}, "start_time": 1739340022.3258922, "ret": "UIObjectProxy of \"tw.com.icash.a.icashpay.debuging:id/toolbarLeftArrow\"", "end_time": 1739340022.3258922}}
{"tag": "function", "depth": 2, "time": 1739340022.8266165, "data": {"name": "try_log_screen", "call_args": {"screen": null, "quality": null, "max_size": null}, "start_time": 1739340022.3268924, "ret": {"screen": "1739340022804.jpg", "resolution": [1080, 2400]}, "end_time": 1739340022.8266165}}
{"tag": "function", "depth": 1, "time": 1739340023.044604, "data": {"name": "touch", "call_args": {"v": [100.0, 160.0], "kwargs": {"duration": 0.01}, "times": 1}, "start_time": 1739340022.3268924, "ret": [100.0, 160.0], "end_time": 1739340023.044604}}
{"tag": "function", "depth": 1, "time": 1739340024.8568854, "data": {"name": "record_ui", "call_args": {"driver": "<poco.drivers.android.uiautomation.AndroidUiautomationPoco object at 0x00000245232A5550>", "action": "'click'", "ui": "UIObjectProxy of \"tw.com.icash.a.icashpay.debuging:id/lvSetting\"", "args": "[0.5, 0.51375]"}, "start_time": 1739340024.8568854, "ret": "UIObjectProxy of \"tw.com.icash.a.icashpay.debuging:id/lvSetting\"", "end_time": 1739340024.8568854}}
{"tag": "function", "depth": 2, "time": 1739340025.3502197, "data": {"name": "try_log_screen", "call_args": {"screen": null, "quality": null, "max_size": null}, "start_time": 1739340024.8573856, "ret": {"screen": "1739340025326.jpg", "resolution": [1080, 2400]}, "end_time": 1739340025.3502197}}
{"tag": "function", "depth": 1, "time": 1739340025.5683494, "data": {"name": "touch", "call_args": {"v": [540.0, 1233.0], "kwargs": {"duration": 0.01}, "times": 1}, "start_time": 1739340024.8573856, "ret": [540.0, 1233.0], "end_time": 1739340025.5683494}}
{"tag": "function", "depth": 1, "time": 1739340028.2330906, "data": {"name": "sleep", "call_args": {"secs": 1.0}, "start_time": 1739340027.22168, "ret": null, "end_time": 1739340028.2330906}}
{"tag": "function", "depth": 1, "time": 1739340028.4421675, "data": {"name": "record_ui", "call_args": {"driver": "<poco.drivers.android.uiautomation.AndroidUiautomationPoco object at 0x00000245232A5550>", "action": "'click'", "ui": "UIObjectProxy of \"text=\u6388\u6b0a\u6263\u6b3e\u7ba1\u7406\"", "args": "[0.5, 0.06666666666666667]"}, "start_time": 1739340028.4411619, "ret": "UIObjectProxy of \"text=\u6388\u6b0a\u6263\u6b3e\u7ba1\u7406\"", "end_time": 1739340028.4421675}}
{"tag": "function", "depth": 2, "time": 1739340028.9244525, "data": {"name": "try_log_screen", "call_args": {"screen": null, "quality": null, "max_size": null}, "start_time": 1739340028.4421675, "ret": {"screen": "1739340028900.jpg", "resolution": [1080, 2400]}, "end_time": 1739340028.9244525}}
{"tag": "function", "depth": 1, "time": 1739340029.1477907, "data": {"name": "touch", "call_args": {"v": [540.0, 160.0], "kwargs": {"duration": 0.01}, "times": 1}, "start_time": 1739340028.4421675, "ret": [540.0, 160.0], "end_time": 1739340029.1477907}}
{"tag": "function", "depth": 1, "time": 1739340031.8155024, "data": {"name": "sleep", "call_args": {"secs": 1.0}, "start_time": 1739340030.8036585, "ret": null, "end_time": 1739340031.8153303}}
{"tag": "function", "depth": 1, "time": 1739340032.0316632, "data": {"name": "record_ui", "call_args": {"driver": "<poco.drivers.android.uiautomation.AndroidUiautomationPoco object at 0x00000245232A5550>", "action": "'click'", "ui": "UIObjectProxy of \"tw.com.icash.a.icashpay.debuging:id/toolbarLeftArrow\"", "args": "[0.09259259259259259, 0.06666666666666667]"}, "start_time": 1739340032.0306656, "ret": "UIObjectProxy of \"tw.com.icash.a.icashpay.debuging:id/toolbarLeftArrow\"", "end_time": 1739340032.0316632}}
{"tag": "function", "depth": 2, "time": 1739340032.4987736, "data": {"name": "try_log_screen", "call_args": {"screen": null, "quality": null, "max_size": null}, "start_time": 1739340032.0316632, "ret": {"screen": "1739340032478.jpg", "resolution": [1080, 2400]}, "end_time": 1739340032.4987736}}
{"tag": "function", "depth": 1, "time": 1739340032.7176065, "data": {"name": "touch", "call_args": {"v": [100.0, 160.0], "kwargs": {"duration": 0.01}, "times": 1}, "start_time": 1739340032.0316632, "ret": [100.0, 160.0], "end_time": 1739340032.7174153}}
{"tag": "function", "depth": 1, "time": 1739340035.3763425, "data": {"name": "sleep", "call_args": {"secs": 1.0}, "start_time": 1739340034.359998, "ret": null, "end_time": 1739340035.3763425}}
{"tag": "function", "depth": 1, "time": 1739340035.5803938, "data": {"name": "record_ui", "call_args": {"driver": "<poco.drivers.android.uiautomation.AndroidUiautomationPoco object at 0x00000245232A5550>", "action": "'click'", "ui": "UIObjectProxy of \"text=\u4f7f\u7528\u6559\u5b78\"", "args": "[0.2212962962962963, 0.7033333333333334]"}, "start_time": 1739340035.5803938, "ret": "UIObjectProxy of \"text=\u4f7f\u7528\u6559\u5b78\"", "end_time": 1739340035.5803938}}
{"tag": "function", "depth": 2, "time": 1739340036.0797849, "data": {"name": "try_log_screen", "call_args": {"screen": null, "quality": null, "max_size": null}, "start_time": 1739340035.5813923, "ret": {"screen": "1739340036058.jpg", "resolution": [1080, 2400]}, "end_time": 1739340036.0797849}}
{"tag": "function", "depth": 1, "time": 1739340036.3043516, "data": {"name": "touch", "call_args": {"v": [239.0, 1688.0], "kwargs": {"duration": 0.01}, "times": 1}, "start_time": 1739340035.5813923, "ret": [239.0, 1688.0], "end_time": 1739340036.3043516}}
{"tag": "function", "depth": 1, "time": 1739340038.9611936, "data": {"name": "sleep", "call_args": {"secs": 1.0}, "start_time": 1739340037.9548705, "ret": null, "end_time": 1739340038.9609833}}
{"tag": "function", "depth": 1, "time": 1739340039.2743804, "data": {"name": "record_ui", "call_args": {"driver": "<poco.drivers.android.uiautomation.AndroidUiautomationPoco object at 0x00000245232A5550>", "action": "'click'", "ui": "UIObjectProxy of \"tw.com.icash.a.icashpay.debuging:id/toolbarLeftArrow\"", "args": "[0.09259259259259259, 0.06666666666666667]"}, "start_time": 1739340039.2743804, "ret": "UIObjectProxy of \"tw.com.icash.a.icashpay.debuging:id/toolbarLeftArrow\"", "end_time": 1739340039.2743804}}
{"tag": "function", "depth": 2, "time": 1739340039.7811337, "data": {"name": "try_log_screen", "call_args": {"screen": null, "quality": null, "max_size": null}, "start_time": 1739340039.275394, "ret": {"screen": "1739340039760.jpg", "resolution": [1080, 2400]}, "end_time": 1739340039.7811337}}
{"tag": "function", "depth": 1, "time": 1739340039.9958963, "data": {"name": "touch", "call_args": {"v": [100.0, 160.0], "kwargs": {"duration": 0.01}, "times": 1}, "start_time": 1739340039.275394, "ret": [100.0, 160.0], "end_time": 1739340039.9958963}}
{"tag": "function", "depth": 1, "time": 1739340041.8144224, "data": {"name": "record_ui", "call_args": {"driver": "<poco.drivers.android.uiautomation.AndroidUiautomationPoco object at 0x00000245232A5550>", "action": "'click'", "ui": "UIObjectProxy of \"text=\u7248\u672c\u8207\u767b\u5165\u7d00\u9304\"", "args": "[0.26944444444444443, 0.7525]"}, "start_time": 1739340041.8144224, "ret": "UIObjectProxy of \"text=\u7248\u672c\u8207\u767b\u5165\u7d00\u9304\"", "end_time": 1739340041.8144224}}
{"tag": "function", "depth": 2, "time": 1739340042.2874486, "data": {"name": "try_log_screen", "call_args": {"screen": null, "quality": null, "max_size": null}, "start_time": 1739340041.8144224, "ret": {"screen": "1739340042265.jpg", "resolution": [1080, 2400]}, "end_time": 1739340042.2874486}}
{"tag": "function", "depth": 1, "time": 1739340042.5088997, "data": {"name": "touch", "call_args": {"v": [291.0, 1805.9999999999998], "kwargs": {"duration": 0.01}, "times": 1}, "start_time": 1739340041.8144224, "ret": [291.0, 1805.9999999999998], "end_time": 1739340042.5088997}}
{"tag": "function", "depth": 1, "time": 1739340044.3423069, "data": {"name": "record_ui", "call_args": {"driver": "<poco.drivers.android.uiautomation.AndroidUiautomationPoco object at 0x00000245232A5550>", "action": "'click'", "ui": "UIObjectProxy of \"tw.com.icash.a.icashpay.debuging:id/toolbarLeftArrow\"", "args": "[0.09259259259259259, 0.06666666666666667]"}, "start_time": 1739340044.3423069, "ret": "UIObjectProxy of \"tw.com.icash.a.icashpay.debuging:id/toolbarLeftArrow\"", "end_time": 1739340044.3423069}}
{"tag": "function", "depth": 2, "time": 1739340044.8297358, "data": {"name": "try_log_screen", "call_args": {"screen": null, "quality": null, "max_size": null}, "start_time": 1739340044.3423069, "ret": {"screen": "1739340044807.jpg", "resolution": [1080, 2400]}, "end_time": 1739340044.8297358}}
{"tag": "function", "depth": 1, "time": 1739340045.0491815, "data": {"name": "touch", "call_args": {"v": [100.0, 160.0], "kwargs": {"duration": 0.01}, "times": 1}, "start_time": 1739340044.3423069, "ret": [100.0, 160.0], "end_time": 1739340045.0489771}}
{"tag": "function", "depth": 1, "time": 1739340047.7144845, "data": {"name": "sleep", "call_args": {"secs": 1.0}, "start_time": 1739340046.7069585, "ret": null, "end_time": 1739340047.7142808}}
{"tag": "function", "depth": 1, "time": 1739340047.9184535, "data": {"name": "record_ui", "call_args": {"driver": "<poco.drivers.android.uiautomation.AndroidUiautomationPoco object at 0x00000245232A5550>", "action": "'click'", "ui": "UIObjectProxy of \"text=\u5e38\u898b\u554f\u984c\"", "args": "[0.2212962962962963, 0.8016666666666666]"}, "start_time": 1739340047.9184535, "ret": "UIObjectProxy of \"text=\u5e38\u898b\u554f\u984c\"", "end_time": 1739340047.9184535}}
{"tag": "function", "depth": 2, "time": 1739340048.4022305, "data": {"name": "try_log_screen", "call_args": {"screen": null, "quality": null, "max_size": null}, "start_time": 1739340047.9184535, "ret": {"screen": "1739340048383.jpg", "resolution": [1080, 2400]}, "end_time": 1739340048.4022305}}
{"tag": "function", "depth": 1, "time": 1739340048.6318805, "data": {"name": "touch", "call_args": {"v": [239.0, 1924.0], "kwargs": {"duration": 0.01}, "times": 1}, "start_time": 1739340047.9184535, "ret": [239.0, 1924.0], "end_time": 1739340048.6318805}}
{"tag": "function", "depth": 1, "time": 1739340050.3797126, "data": {"name": "record_ui", "call_args": {"driver": "<poco.drivers.android.uiautomation.AndroidUiautomationPoco object at 0x00000245232A5550>", "action": "'click'", "ui": "UIObjectProxy of \"tw.com.icash.a.icashpay.debuging:id/toolbarLeftArrow\"", "args": "[0.09259259259259259, 0.06666666666666667]"}, "start_time": 1739340050.3797126, "ret": "UIObjectProxy of \"tw.com.icash.a.icashpay.debuging:id/toolbarLeftArrow\"", "end_time": 1739340050.3797126}}
{"tag": "function", "depth": 2, "time": 1739340050.841436, "data": {"name": "try_log_screen", "call_args": {"screen": null, "quality": null, "max_size": null}, "start_time": 1739340050.3797126, "ret": {"screen": "1739340050820.jpg", "resolution": [1080, 2400]}, "end_time": 1739340050.841436}}
{"tag": "function", "depth": 1, "time": 1739340051.0638602, "data": {"name": "touch", "call_args": {"v": [100.0, 160.0], "kwargs": {"duration": 0.01}, "times": 1}, "start_time": 1739340050.3797126, "ret": [100.0, 160.0], "end_time": 1739340051.0638602}}
{"tag": "function", "depth": 1, "time": 1739340053.7098093, "data": {"name": "sleep", "call_args": {"secs": 1.0}, "start_time": 1739340052.6945252, "ret": null, "end_time": 1739340053.7098093}}
{"tag": "function", "depth": 1, "time": 1739340053.9249902, "data": {"name": "record_ui", "call_args": {"driver": "<poco.drivers.android.uiautomation.AndroidUiautomationPoco object at 0x00000245232A5550>", "action": "'click'", "ui": "UIObjectProxy of \"text=\u670d\u52d9\u689d\u6b3e\"", "args": "[0.2212962962962963, 0.8508333333333333]"}, "start_time": 1739340053.9249902, "ret": "UIObjectProxy of \"text=\u670d\u52d9\u689d\u6b3e\"", "end_time": 1739340053.9249902}}
{"tag": "function", "depth": 2, "time": 1739340054.4321258, "data": {"name": "try_log_screen", "call_args": {"screen": null, "quality": null, "max_size": null}, "start_time": 1739340053.9260771, "ret": {"screen": "1739340054410.jpg", "resolution": [1080, 2400]}, "end_time": 1739340054.4321258}}
{"tag": "function", "depth": 1, "time": 1739340054.6538086, "data": {"name": "touch", "call_args": {"v": [239.0, 2042.0], "kwargs": {"duration": 0.01}, "times": 1}, "start_time": 1739340053.9249902, "ret": [239.0, 2042.0], "end_time": 1739340054.6538086}}
{"tag": "function", "depth": 1, "time": 1739340056.4421778, "data": {"name": "record_ui", "call_args": {"driver": "<poco.drivers.android.uiautomation.AndroidUiautomationPoco object at 0x00000245232A5550>", "action": "'click'", "ui": "UIObjectProxy of \"tw.com.icash.a.icashpay.debuging:id/toolbarLeftArrow\"", "args": "[0.09259259259259259, 0.06666666666666667]"}, "start_time": 1739340056.4421778, "ret": "UIObjectProxy of \"tw.com.icash.a.icashpay.debuging:id/toolbarLeftArrow\"", "end_time": 1739340056.4421778}}
{"tag": "function", "depth": 2, "time": 1739340056.9330826, "data": {"name": "try_log_screen", "call_args": {"screen": null, "quality": null, "max_size": null}, "start_time": 1739340056.4432187, "ret": {"screen": "1739340056913.jpg", "resolution": [1080, 2400]}, "end_time": 1739340056.9330826}}
{"tag": "function", "depth": 1, "time": 1739340057.1524143, "data": {"name": "touch", "call_args": {"v": [100.0, 160.0], "kwargs": {"duration": 0.01}, "times": 1}, "start_time": 1739340056.4421778, "ret": [100.0, 160.0], "end_time": 1739340057.1524143}}
{"tag": "function", "depth": 3, "time": 1739340059.3026466, "data": {"name": "_cv_match", "call_args": {"self": {"filename": "tpl1728959653556.png", "_filepath": "C:\\airtestscipts\\scripts\\icplogin.air\\tpl1728959653556.png", "threshold": 0.7, "target_pos": 5, "record_pos": [0.043, 0.643], "resolution": [1080, 2400], "rgb": false, "scale_max": 800, "scale_step": 0.005, "__class__": "Template"}, "screen": "array([[[244, 244, 244],\n        [244, 244, 244],\n        [244, 244, 244],\n        ...,\n        [244, 244, 244],\n        [244, 244, 244],\n        [244, 244, 244]],\n\n       [[244, 244, 244],\n        [244, 244, 244],\n        [244, 244, 244],\n        ...,\n        [244, 244, 244],\n        [244, 244, 244],\n        [244, 244, 244]],\n\n       [[244, 244, 244],\n        [244, 244, 244],\n        [244, 244, 244],\n        ...,\n        [244, 244, 244],\n        [244, 244, 244],\n        [244, 244, 244]],\n\n       ...,\n\n       [[255, 255, 255],\n        [255, 255, 255],\n        [255, 255, 255],\n        ...,\n        [255, 255, 255],\n        [255, 255, 255],\n        [255, 255, 255]],\n\n       [[255, 255, 255],\n        [255, 255, 255],\n        [255, 255, 255],\n        ...,\n        [255, 255, 255],\n        [255, 255, 255],\n        [255, 255, 255]],\n\n       [[255, 255, 255],\n        [255, 255, 255],\n        [255, 255, 255],\n        ...,\n        [255, 255, 255],\n        [255, 255, 255],\n        [255, 255, 255]]], dtype=uint8)"}, "start_time": 1739340059.2686858, "ret": {"result": [486, 1794], "rectangle": [[436.44000000000005, 1744.44], [436.44000000000005, 1844.44], [536.44, 1844.44], [536.44, 1744.44]], "confidence": 1.0, "time": 0.026494741439819336}, "end_time": 1739340059.3026466}}
{"tag": "function", "depth": 3, "time": 1739340059.3281116, "data": {"name": "try_log_screen", "call_args": {"screen": "array([[[244, 244, 244],\n        [244, 244, 244],\n        [244, 244, 244],\n        ...,\n        [244, 244, 244],\n        [244, 244, 244],\n        [244, 244, 244]],\n\n       [[244, 244, 244],\n        [244, 244, 244],\n        [244, 244, 244],\n        ...,\n        [244, 244, 244],\n        [244, 244, 244],\n        [244, 244, 244]],\n\n       [[244, 244, 244],\n        [244, 244, 244],\n        [244, 244, 244],\n        ...,\n        [244, 244, 244],\n        [244, 244, 244],\n        [244, 244, 244]],\n\n       ...,\n\n       [[255, 255, 255],\n        [255, 255, 255],\n        [255, 255, 255],\n        ...,\n        [255, 255, 255],\n        [255, 255, 255],\n        [255, 255, 255]],\n\n       [[255, 255, 255],\n        [255, 255, 255],\n        [255, 255, 255],\n        ...,\n        [255, 255, 255],\n        [255, 255, 255],\n        [255, 255, 255]],\n\n       [[255, 255, 255],\n        [255, 255, 255],\n        [255, 255, 255],\n        ...,\n        [255, 255, 255],\n        [255, 255, 255],\n        [255, 255, 255]]], dtype=uint8)", "quality": null, "max_size": null}, "start_time": 1739340059.3063273, "ret": {"screen": "1739340059306.jpg", "resolution": [1080, 2400]}, "end_time": 1739340059.3281116}}
{"tag": "function", "depth": 2, "time": 1739340059.3311903, "data": {"name": "loop_find", "call_args": {"query": {"filename": "tpl1728959653556.png", "_filepath": "C:\\airtestscipts\\scripts\\icplogin.air\\tpl1728959653556.png", "threshold": 0.7, "target_pos": 5, "record_pos": [0.043, 0.643], "resolution": [1080, 2400], "rgb": false, "scale_max": 800, "scale_step": 0.005, "__class__": "Template"}, "timeout": 20, "threshold": null, "interval": 0.5, "intervalfunc": null}, "start_time": 1739340058.80022, "ret": [486, 1794], "end_time": 1739340059.3311903}}
{"tag": "function", "depth": 1, "time": 1739340060.130754, "data": {"name": "swipe", "call_args": {"v1": {"filename": "tpl1728959653556.png", "_filepath": "C:\\airtestscipts\\scripts\\icplogin.air\\tpl1728959653556.png", "threshold": 0.7, "target_pos": 5, "record_pos": [0.043, 0.643], "resolution": [1080, 2400], "rgb": false, "scale_max": 800, "scale_step": 0.005, "__class__": "Template"}, "kwargs": {}, "vector": [0.1086, -0.2909], "v2": null}, "start_time": 1739340058.80022, "ret": [[486, 1794], [603, 1096]], "end_time": 1739340060.130754}}
{"tag": "function", "depth": 1, "time": 1739340061.1247616, "data": {"name": "record_ui", "call_args": {"driver": "<poco.drivers.android.uiautomation.AndroidUiautomationPoco object at 0x00000245232A5550>", "action": "'click'", "ui": "UIObjectProxy of \"text=\u806f\u7d61\u6211\u5011\"", "args": "[0.2212962962962963, 0.7583333333333333]"}, "start_time": 1739340061.1247616, "ret": "UIObjectProxy of \"text=\u806f\u7d61\u6211\u5011\"", "end_time": 1739340061.1247616}}
{"tag": "function", "depth": 2, "time": 1739340061.6131139, "data": {"name": "try_log_screen", "call_args": {"screen": null, "quality": null, "max_size": null}, "start_time": 1739340061.1247616, "ret": {"screen": "1739340061590.jpg", "resolution": [1080, 2400]}, "end_time": 1739340061.6131139}}
{"tag": "function", "depth": 1, "time": 1739340061.836993, "data": {"name": "touch", "call_args": {"v": [239.0, 1820.0], "kwargs": {"duration": 0.01}, "times": 1}, "start_time": 1739340061.1247616, "ret": [239.0, 1820.0], "end_time": 1739340061.836993}}
{"tag": "function", "depth": 1, "time": 1739340063.676653, "data": {"name": "record_ui", "call_args": {"driver": "<poco.drivers.android.uiautomation.AndroidUiautomationPoco object at 0x00000245232A5550>", "action": "'click'", "ui": "UIObjectProxy of \"tw.com.icash.a.icashpay.debuging:id/toolbarLeftArrow\"", "args": "[0.09259259259259259, 0.06666666666666667]"}, "start_time": 1739340063.67565, "ret": "UIObjectProxy of \"tw.com.icash.a.icashpay.debuging:id/toolbarLeftArrow\"", "end_time": 1739340063.676653}}
{"tag": "function", "depth": 2, "time": 1739340064.1570816, "data": {"name": "try_log_screen", "call_args": {"screen": null, "quality": null, "max_size": null}, "start_time": 1739340063.676653, "ret": {"screen": "1739340064137.jpg", "resolution": [1080, 2400]}, "end_time": 1739340064.1570816}}
{"tag": "function", "depth": 1, "time": 1739340064.3837807, "data": {"name": "touch", "call_args": {"v": [100.0, 160.0], "kwargs": {"duration": 0.01}, "times": 1}, "start_time": 1739340063.676653, "ret": [100.0, 160.0], "end_time": 1739340064.3835905}}
{"tag": "function", "depth": 1, "time": 1739340068.0341125, "data": {"name": "sleep", "call_args": {"secs": 2.0}, "start_time": 1739340066.0203812, "ret": null, "end_time": 1739340068.0339231}}
{"tag": "function", "depth": 1, "time": 1739340068.2004695, "data": {"name": "record_ui", "call_args": {"driver": "<poco.drivers.android.uiautomation.AndroidUiautomationPoco object at 0x00000245232A5550>", "action": "'click'", "ui": "UIObjectProxy of \"tw.com.icash.a.icashpay.debuging:id/nav\"", "args": "[0.5, 0.8916666666666667]"}, "start_time": 1739340068.2004695, "ret": "UIObjectProxy of \"tw.com.icash.a.icashpay.debuging:id/nav\"", "end_time": 1739340068.2004695}}
{"tag": "function", "depth": 2, "time": 1739340068.6973681, "data": {"name": "try_log_screen", "call_args": {"screen": null, "quality": null, "max_size": null}, "start_time": 1739340068.2014692, "ret": {"screen": "1739340068675.jpg", "resolution": [1080, 2400]}, "end_time": 1739340068.6973681}}
{"tag": "function", "depth": 1, "time": 1739340068.9187248, "data": {"name": "touch", "call_args": {"v": [540.0, 2140.0], "kwargs": {"duration": 0.01}, "times": 1}, "start_time": 1739340068.2014692, "ret": [540.0, 2140.0], "end_time": 1739340068.9185047}}
{"tag": "function", "depth": 1, "time": 1739340071.4735398, "data": {"name": "record_ui", "call_args": {"driver": "<poco.drivers.android.uiautomation.AndroidUiautomationPoco object at 0x00000245232A5550>", "action": "'click'", "ui": "UIObjectProxy of \"tw.com.icash.a.icashpay.debuging:id/home_text\"", "args": "[0.5, 0.9266666666666666]"}, "start_time": 1739340071.4735398, "ret": "UIObjectProxy of \"tw.com.icash.a.icashpay.debuging:id/home_text\"", "end_time": 1739340071.4735398}}
{"tag": "function", "depth": 2, "time": 1739340072.0906148, "data": {"name": "try_log_screen", "call_args": {"screen": null, "quality": null, "max_size": null}, "start_time": 1739340071.4745512, "ret": {"screen": "1739340072070.jpg", "resolution": [1080, 2400]}, "end_time": 1739340072.0906148}}
{"tag": "function", "depth": 1, "time": 1739340072.3174255, "data": {"name": "touch", "call_args": {"v": [540.0, 2224.0], "kwargs": {"duration": 0.01}, "times": 1}, "start_time": 1739340071.4745512, "ret": [540.0, 2224.0], "end_time": 1739340072.3173652}}
{"tag": "function", "depth": 2, "time": 1739340081.803428, "data": {"name": "try_log_screen", "call_args": {"screen": null, "quality": null, "max_size": null}, "start_time": 1739340081.5516074, "traceback": "Traceback (most recent call last):\n  File \"C:\\AirtestIDE-win-1.2.17\\AirtestIDE\\poco\\proxy.py\", line 26, in wrapped\n    proxy.wait_for_appearance(timeout=proxy.poco._pre_action_wait_for_appearance)\n  File \"C:\\AirtestIDE-win-1.2.17\\AirtestIDE\\poco\\proxy.py\", line 679, in wait_for_appearance\n    raise PocoTargetTimeout('appearance', self)\npoco.exceptions.PocoTargetTimeout: Waiting timeout for appearance of \"UIObjectProxy of \"tw.com.icash.a.icashpay.debuging:id/text\"\"\n\nDuring handling of the above exception, another exception occurred:\n\nTraceback (most recent call last):\n  File \"airtest\\cli\\runner.py\", line 72, in runTest\n  File \"C:\\airtestscipts\\scripts\\icplogin.air\\icplogin.py\", line 73, in <module>\n    poco(\"tw.com.icash.a.icashpay.debuging:id/text\").click()\n  File \"C:\\AirtestIDE-win-1.2.17\\AirtestIDE\\poco\\proxy.py\", line 29, in wrapped\n    raise e\n  File \"C:\\AirtestIDE-win-1.2.17\\AirtestIDE\\poco\\proxy.py\", line 23, in wrapped\n    return func(proxy, *args, **kwargs)\n  File \"C:\\AirtestIDE-win-1.2.17\\AirtestIDE\\poco\\proxy.py\", line 332, in click\n    pos_in_percentage = self.get_position(focus)\n  File \"C:\\AirtestIDE-win-1.2.17\\AirtestIDE\\poco\\proxy.py\", line 72, in wrapped\n    return func(proxy, *args, **kwargs)\n  File \"C:\\AirtestIDE-win-1.2.17\\AirtestIDE\\poco\\proxy.py\", line 613, in get_position\n    x, y = map(float, self.attr('pos'))\n  File \"C:\\AirtestIDE-win-1.2.17\\AirtestIDE\\poco\\proxy.py\", line 39, in wrapped\n    return func(self, *args, **kwargs)\n  File \"C:\\AirtestIDE-win-1.2.17\\AirtestIDE\\poco\\proxy.py\", line 734, in attr\n    nodes = self._do_query(multiple=False)\n  File \"C:\\AirtestIDE-win-1.2.17\\AirtestIDE\\poco\\proxy.py\", line 888, in _do_query\n    raise PocoNoSuchNodeException(self)\npoco.exceptions.PocoNoSuchNodeException: Cannot find any visible node by query UIObjectProxy of \"tw.com.icash.a.icashpay.debuging:id/text\"\n\nDuring handling of the above exception, another exception occurred:\n\nTraceback (most recent call last):\n  File \"airtest\\utils\\logwraper.py\", line 131, in wrapper\n  File \"airtest\\core\\cv.py\", line 106, in try_log_screen\n  File \"airtest\\core\\android\\android.py\", line 488, in snapshot\n  File \"airtest\\core\\android\\cap_methods\\adbcap.py\", line 14, in snapshot\n  File \"airtest\\core\\android\\cap_methods\\base_cap.py\", line 42, in snapshot\n  File \"airtest\\core\\android\\cap_methods\\adbcap.py\", line 11, in get_frame_from_stream\n  File \"airtest\\core\\android\\adb.py\", line 831, in snapshot\n  File \"airtest\\core\\android\\adb.py\", line 236, in cmd\nairtest.core.error.AdbError: stdout[b''] stderr[b'']\n", "end_time": 1739340081.803428}}
